<?xml version="1.0" encoding="UTF-8"?>
<testng-results ignored="0" total="1" passed="1" failed="0" skipped="0">
  <reporter-output>
  </reporter-output>
  <suite started-at="2022-02-22T19:06:24 EST" name="Default suite" finished-at="2022-02-22T19:06:24 EST" duration-ms="47">
    <groups>
    </groups>
    <test started-at="2022-02-22T19:06:24 EST" name="Default test" finished-at="2022-02-22T19:06:24 EST" duration-ms="47">
      <class name="DB.exceptionHandling">
        <test-method signature="readTextFile()[pri:0, instance:DB.exceptionHandling@57af006c]" started-at="2022-02-22T19:06:24 EST" name="readTextFile" finished-at="2022-02-22T19:06:24 EST" duration-ms="7" status="PASS">
          <reporter-output>
          </reporter-output>
        </test-method> <!-- readTextFile -->
      </class> <!-- DB.exceptionHandling -->
    </test> <!-- Default test -->
  </suite> <!-- Default suite -->
</testng-results>
